{
  "stats": {
    "suites": 4,
    "tests": 7,
    "passes": 7,
    "pending": 0,
    "failures": 0,
    "start": "2019-01-19T16:34:02.971Z",
    "end": "2019-01-19T16:34:03.001Z",
    "duration": 30,
    "testsRegistered": 7,
    "passPercent": 100,
    "pendingPercent": 0,
    "other": 0,
    "hasOther": false,
    "skipped": 0,
    "hasSkipped": false,
    "passPercentClass": "success",
    "pendingPercentClass": "danger"
  },
  "suites": {
    "uuid": "7a39dba0-ea58-4fe2-9755-1512ffe17fe0",
    "title": "",
    "fullFile": "",
    "file": "",
    "beforeHooks": [],
    "afterHooks": [],
    "tests": [],
    "suites": [
      {
        "uuid": "ba4e3b4d-0c55-46ca-8393-c54077669416",
        "title": "<Highlights />",
        "fullFile": "/Users/andrewjones/Programs/javascript/target/target/test/unit/highlights.unit.js",
        "file": "/test/unit/highlights.unit.js",
        "beforeHooks": [],
        "afterHooks": [],
        "tests": [
          {
            "title": "should render",
            "fullTitle": "<Highlights /> should render",
            "timedOut": false,
            "duration": 4,
            "state": "passed",
            "speed": "fast",
            "pass": true,
            "fail": false,
            "pending": false,
            "code": "var comp = setup();\n(0, _chai.expect)(comp).not.to.be.null;\n(0, _chai.expect)(comp.exists()).to.be.true;",
            "err": {},
            "isRoot": false,
            "uuid": "53c6c83f-2eb3-409e-9e36-f82a67136b2c",
            "isHook": false,
            "skipped": false
          }
        ],
        "suites": [],
        "passes": [
          "53c6c83f-2eb3-409e-9e36-f82a67136b2c"
        ],
        "failures": [],
        "pending": [],
        "skipped": [],
        "duration": 4,
        "root": false,
        "rootEmpty": false,
        "_timeout": 2000
      },
      {
        "uuid": "202ffe50-927f-4168-a0cd-ec215828fc3d",
        "title": "<Image />",
        "fullFile": "/Users/andrewjones/Programs/javascript/target/target/test/unit/image.unit.js",
        "file": "/test/unit/image.unit.js",
        "beforeHooks": [],
        "afterHooks": [],
        "tests": [
          {
            "title": "should render",
            "fullTitle": "<Image /> should render",
            "timedOut": false,
            "duration": 1,
            "state": "passed",
            "speed": "fast",
            "pass": true,
            "fail": false,
            "pending": false,
            "code": "var comp = setup();\n(0, _chai.expect)(comp).not.to.be.null;\n(0, _chai.expect)(comp.exists()).to.be.true;",
            "err": {},
            "isRoot": false,
            "uuid": "155c54db-3089-4a9e-aa10-ef2435651f9e",
            "isHook": false,
            "skipped": false
          }
        ],
        "suites": [],
        "passes": [
          "155c54db-3089-4a9e-aa10-ef2435651f9e"
        ],
        "failures": [],
        "pending": [],
        "skipped": [],
        "duration": 1,
        "root": false,
        "rootEmpty": false,
        "_timeout": 2000
      },
      {
        "uuid": "dc81080e-32a3-44da-afaa-cef10a63bd4f",
        "title": "<Order />",
        "fullFile": "/Users/andrewjones/Programs/javascript/target/target/test/unit/order.unit.js",
        "file": "/test/unit/order.unit.js",
        "beforeHooks": [],
        "afterHooks": [],
        "tests": [
          {
            "title": "should render",
            "fullTitle": "<Order /> should render",
            "timedOut": false,
            "duration": 1,
            "state": "passed",
            "speed": "fast",
            "pass": true,
            "fail": false,
            "pending": false,
            "code": "var order = setup();\n(0, _chai.expect)(order).not.to.be.null;\n(0, _chai.expect)(order.exists()).to.be.true;",
            "err": {},
            "isRoot": false,
            "uuid": "a0f779a7-fae3-4520-9548-d0e5cbffb0be",
            "isHook": false,
            "skipped": false
          },
          {
            "title": "should start never have a quantity less than 0",
            "fullTitle": "<Order /> should start never have a quantity less than 0",
            "timedOut": false,
            "duration": 6,
            "state": "passed",
            "speed": "fast",
            "pass": true,
            "fail": false,
            "pending": false,
            "code": "var order = setup();\n(0, _chai.expect)(order).not.to.be.null;\n(0, _chai.expect)(order.state('quantity')).to.equal(0);\nvar minus = order.find('[data-test=\"offers-counter-minus\"]');\n(0, _chai.expect)(minus.length).to.equal(1);\nminus.simulate('click');\n(0, _chai.expect)(order.state('quantity')).to.equal(0);",
            "err": {},
            "isRoot": false,
            "uuid": "22fc20f9-c939-41b1-a3fa-0c690a382ad5",
            "isHook": false,
            "skipped": false
          },
          {
            "title": "should always increment",
            "fullTitle": "<Order /> should always increment",
            "timedOut": false,
            "duration": 3,
            "state": "passed",
            "speed": "fast",
            "pass": true,
            "fail": false,
            "pending": false,
            "code": "var order = setup();\n(0, _chai.expect)(order).not.to.be.null;\n(0, _chai.expect)(order.state('quantity')).to.equal(0);\nvar plus = order.find('[data-test=\"offers-counter-plus\"]');\n(0, _chai.expect)(plus.length).to.equal(1);\nplus.simulate('click');\n(0, _chai.expect)(order.state('quantity')).to.equal(1);",
            "err": {},
            "isRoot": false,
            "uuid": "62c86cdc-4c45-4d08-bf3f-ddcfce4ea1a7",
            "isHook": false,
            "skipped": false
          },
          {
            "title": "should decrement if greater than 0",
            "fullTitle": "<Order /> should decrement if greater than 0",
            "timedOut": false,
            "duration": 2,
            "state": "passed",
            "speed": "fast",
            "pass": true,
            "fail": false,
            "pending": false,
            "code": "var order = setup();\n(0, _chai.expect)(order).not.to.be.null;\nvar rand = Math.floor(Math.random() * 100);\norder.setState({\n  quantity: rand\n});\n(0, _chai.expect)(order.state('quantity')).to.equal(rand);\nvar minus = order.find('[data-test=\"offers-counter-minus\"]');\n(0, _chai.expect)(minus.length).to.equal(1);\nminus.simulate('click');\n(0, _chai.expect)(order.state('quantity')).to.equal(rand - 1);",
            "err": {},
            "isRoot": false,
            "uuid": "07f02d95-95d9-425c-a6d4-5d0cd0020baa",
            "isHook": false,
            "skipped": false
          }
        ],
        "suites": [],
        "passes": [
          "a0f779a7-fae3-4520-9548-d0e5cbffb0be",
          "22fc20f9-c939-41b1-a3fa-0c690a382ad5",
          "62c86cdc-4c45-4d08-bf3f-ddcfce4ea1a7",
          "07f02d95-95d9-425c-a6d4-5d0cd0020baa"
        ],
        "failures": [],
        "pending": [],
        "skipped": [],
        "duration": 12,
        "root": false,
        "rootEmpty": false,
        "_timeout": 2000
      },
      {
        "uuid": "87ec2160-cfb0-453b-ab29-eb4fa30de0bf",
        "title": "<Reviews />",
        "fullFile": "/Users/andrewjones/Programs/javascript/target/target/test/unit/review.unit.js",
        "file": "/test/unit/review.unit.js",
        "beforeHooks": [],
        "afterHooks": [],
        "tests": [
          {
            "title": "should render",
            "fullTitle": "<Reviews /> should render",
            "timedOut": false,
            "duration": 1,
            "state": "passed",
            "speed": "fast",
            "pass": true,
            "fail": false,
            "pending": false,
            "code": "var comp = setup();\n(0, _chai.expect)(comp).not.to.be.null;\n(0, _chai.expect)(comp.exists()).to.be.true;",
            "err": {},
            "isRoot": false,
            "uuid": "d84addbc-1780-4d6c-8f8f-b3b3da8d3a49",
            "isHook": false,
            "skipped": false
          }
        ],
        "suites": [],
        "passes": [
          "d84addbc-1780-4d6c-8f8f-b3b3da8d3a49"
        ],
        "failures": [],
        "pending": [],
        "skipped": [],
        "duration": 1,
        "root": false,
        "rootEmpty": false,
        "_timeout": 2000
      }
    ],
    "passes": [],
    "failures": [],
    "pending": [],
    "skipped": [],
    "duration": 0,
    "root": true,
    "rootEmpty": true,
    "_timeout": 2000
  },
  "copyrightYear": 2019
}