{
  "stats": {
    "suites": 3,
    "tests": 6,
    "passes": 6,
    "pending": 0,
    "failures": 0,
    "start": "2019-01-19T16:17:04.092Z",
    "end": "2019-01-19T16:17:04.120Z",
    "duration": 28,
    "testsRegistered": 6,
    "passPercent": 100,
    "pendingPercent": 0,
    "other": 0,
    "hasOther": false,
    "skipped": 0,
    "hasSkipped": false,
    "passPercentClass": "success",
    "pendingPercentClass": "danger"
  },
  "suites": {
    "uuid": "afb2e92d-eec4-4c84-8e15-7d25c37aac50",
    "title": "",
    "fullFile": "",
    "file": "",
    "beforeHooks": [],
    "afterHooks": [],
    "tests": [],
    "suites": [
      {
        "uuid": "1a7680e1-4b38-4f5d-9ecb-b06645d5f1fb",
        "title": "<Highligts />",
        "fullFile": "/Users/andrewjones/Programs/javascript/target/target/test/unit/highlights.unit.js",
        "file": "/test/unit/highlights.unit.js",
        "beforeHooks": [],
        "afterHooks": [],
        "tests": [
          {
            "title": "should render",
            "fullTitle": "<Highligts /> should render",
            "timedOut": false,
            "duration": 4,
            "state": "passed",
            "speed": "fast",
            "pass": true,
            "fail": false,
            "pending": false,
            "code": "var comp = setup();\n(0, _chai.expect)(comp).not.to.be.null;\n(0, _chai.expect)(comp.exists()).to.be.true;",
            "err": {},
            "isRoot": false,
            "uuid": "5cff4fb7-3933-41e8-9d38-a823377fa948",
            "isHook": false,
            "skipped": false
          }
        ],
        "suites": [],
        "passes": [
          "5cff4fb7-3933-41e8-9d38-a823377fa948"
        ],
        "failures": [],
        "pending": [],
        "skipped": [],
        "duration": 4,
        "root": false,
        "rootEmpty": false,
        "_timeout": 2000
      },
      {
        "uuid": "d2ac931d-d6af-4866-82db-8f14b610e3e5",
        "title": "<Order />",
        "fullFile": "/Users/andrewjones/Programs/javascript/target/target/test/unit/order.unit.js",
        "file": "/test/unit/order.unit.js",
        "beforeHooks": [],
        "afterHooks": [],
        "tests": [
          {
            "title": "should render",
            "fullTitle": "<Order /> should render",
            "timedOut": false,
            "duration": 1,
            "state": "passed",
            "speed": "fast",
            "pass": true,
            "fail": false,
            "pending": false,
            "code": "var order = setup();\n(0, _chai.expect)(order).not.to.be.null;\n(0, _chai.expect)(order.exists()).to.be.true;",
            "err": {},
            "isRoot": false,
            "uuid": "8f7a5447-4c0e-4232-b979-3b2edafe0b38",
            "isHook": false,
            "skipped": false
          },
          {
            "title": "should start never have a quantity less than 0",
            "fullTitle": "<Order /> should start never have a quantity less than 0",
            "timedOut": false,
            "duration": 6,
            "state": "passed",
            "speed": "fast",
            "pass": true,
            "fail": false,
            "pending": false,
            "code": "var order = setup();\n(0, _chai.expect)(order).not.to.be.null;\n(0, _chai.expect)(order.state('quantity')).to.equal(0);\nvar minus = order.find('[data-test=\"offers-counter-minus\"]');\n(0, _chai.expect)(minus.length).to.equal(1);\nminus.simulate('click');\n(0, _chai.expect)(order.state('quantity')).to.equal(0);",
            "err": {},
            "isRoot": false,
            "uuid": "daf60a89-8d3a-46f7-a83f-72f1d63bf100",
            "isHook": false,
            "skipped": false
          },
          {
            "title": "should always increment",
            "fullTitle": "<Order /> should always increment",
            "timedOut": false,
            "duration": 3,
            "state": "passed",
            "speed": "fast",
            "pass": true,
            "fail": false,
            "pending": false,
            "code": "var order = setup();\n(0, _chai.expect)(order).not.to.be.null;\n(0, _chai.expect)(order.state('quantity')).to.equal(0);\nvar plus = order.find('[data-test=\"offers-counter-plus\"]');\n(0, _chai.expect)(plus.length).to.equal(1);\nplus.simulate('click');\n(0, _chai.expect)(order.state('quantity')).to.equal(1);",
            "err": {},
            "isRoot": false,
            "uuid": "68989a9e-dfdd-4800-b726-acbbd9947fec",
            "isHook": false,
            "skipped": false
          },
          {
            "title": "should decrement if greater than 0",
            "fullTitle": "<Order /> should decrement if greater than 0",
            "timedOut": false,
            "duration": 2,
            "state": "passed",
            "speed": "fast",
            "pass": true,
            "fail": false,
            "pending": false,
            "code": "var order = setup();\n(0, _chai.expect)(order).not.to.be.null;\nvar rand = Math.floor(Math.random() * 100);\norder.setState({\n  quantity: rand\n});\n(0, _chai.expect)(order.state('quantity')).to.equal(rand);\nvar minus = order.find('[data-test=\"offers-counter-minus\"]');\n(0, _chai.expect)(minus.length).to.equal(1);\nminus.simulate('click');\n(0, _chai.expect)(order.state('quantity')).to.equal(rand - 1);",
            "err": {},
            "isRoot": false,
            "uuid": "c0bb641a-d97a-4715-9506-7d4c8b9b1e5c",
            "isHook": false,
            "skipped": false
          }
        ],
        "suites": [],
        "passes": [
          "8f7a5447-4c0e-4232-b979-3b2edafe0b38",
          "daf60a89-8d3a-46f7-a83f-72f1d63bf100",
          "68989a9e-dfdd-4800-b726-acbbd9947fec",
          "c0bb641a-d97a-4715-9506-7d4c8b9b1e5c"
        ],
        "failures": [],
        "pending": [],
        "skipped": [],
        "duration": 12,
        "root": false,
        "rootEmpty": false,
        "_timeout": 2000
      },
      {
        "uuid": "22cd1e40-3941-4e03-809e-5dc79dc4cbd6",
        "title": "<Reviews />",
        "fullFile": "/Users/andrewjones/Programs/javascript/target/target/test/unit/review.unit.js",
        "file": "/test/unit/review.unit.js",
        "beforeHooks": [],
        "afterHooks": [],
        "tests": [
          {
            "title": "should render",
            "fullTitle": "<Reviews /> should render",
            "timedOut": false,
            "duration": 0,
            "state": "passed",
            "speed": "fast",
            "pass": true,
            "fail": false,
            "pending": false,
            "code": "var comp = setup();\n(0, _chai.expect)(comp).not.to.be.null;\n(0, _chai.expect)(comp.exists()).to.be.true;",
            "err": {},
            "isRoot": false,
            "uuid": "7ca6c0db-1625-4c7a-82db-f22710d74d48",
            "isHook": false,
            "skipped": false
          }
        ],
        "suites": [],
        "passes": [
          "7ca6c0db-1625-4c7a-82db-f22710d74d48"
        ],
        "failures": [],
        "pending": [],
        "skipped": [],
        "duration": 0,
        "root": false,
        "rootEmpty": false,
        "_timeout": 2000
      }
    ],
    "passes": [],
    "failures": [],
    "pending": [],
    "skipped": [],
    "duration": 0,
    "root": true,
    "rootEmpty": true,
    "_timeout": 2000
  },
  "copyrightYear": 2019
}